2025-07-25 18:20:56,308 - INFO - Validating inputs...
2025-07-25 18:20:56,321 - INFO - Setting up database...
2025-07-25 18:20:56,325 - INFO - Creating database from YouTube channel...
2025-07-25 18:20:56,327 - INFO - Starting YouTube video extraction...
2025-07-25 18:20:56,332 - INFO - Checking for yt-dlp...
2025-07-25 18:20:56,342 - INFO - yt-dlp found at: C:\Users\Zachar\AppData\Local\Programs\Python\Python313\Scripts\yt-dlp.EXE
2025-07-25 18:20:56,344 - INFO - Phase 1: Fetching basic video list...
2025-07-25 18:20:58,377 - INFO - Phase 1: Processing video 10...
2025-07-25 18:20:58,385 - INFO - Phase 1: Processing video 20...
2025-07-25 18:20:58,401 - INFO - Phase 1: Processing video 30...
2025-07-25 18:20:58,484 - INFO - Phase 1 completed. Found 36 videos.
2025-07-25 18:20:58,486 - INFO - Phase 2: Fetching descriptions for 36 videos...
2025-07-25 18:20:58,488 - INFO - Phase 2: Fetching description batch 1/1 (36 videos)...
2025-07-25 18:22:57,215 - INFO - Phase 2: Fetched descriptions for 36/36 videos (Batch 1/1 done)
2025-07-25 18:22:57,219 - INFO - Saving results to file...
2025-07-25 18:22:57,247 - INFO - YouTube extraction completed successfully: afrinzeyton_videos_data.txt
2025-07-25 18:22:57,251 - INFO - Starting database conversion...
2025-07-25 18:22:57,255 - INFO - Input file: afrinzeyton_videos_data.txt
2025-07-25 18:22:57,258 - INFO - Output database: afrinzeyton_videos.db
2025-07-25 18:22:57,348 - INFO - Created videos table with all required columns
2025-07-25 18:22:57,379 - INFO - Read 41 lines from input file
2025-07-25 18:22:57,384 - INFO - Found data starting at line 5
2025-07-25 18:22:57,407 - INFO - Processed 10 records...
2025-07-25 18:22:57,410 - INFO - Processed 20 records...
2025-07-25 18:22:57,415 - INFO - Processed 30 records...
2025-07-25 18:22:57,455 - INFO - ==================================================
2025-07-25 18:22:57,458 - INFO - DATABASE CONVERSION COMPLETED SUCCESSFULLY!
2025-07-25 18:22:57,462 - INFO - ==================================================
2025-07-25 18:22:57,465 - INFO - Database created: afrinzeyton_videos.db
2025-07-25 18:22:57,469 - INFO - Records processed: 36
2025-07-25 18:22:57,471 - INFO - Records skipped: 0
2025-07-25 18:22:57,474 - INFO - Total duration: 3:58:54
2025-07-25 18:22:57,477 - INFO - Database location: C:\Users\Zachar\Desktop\The Website\afrinzeyton_videos.db
2025-07-25 18:22:57,485 - INFO - Database already exists: C:\Users\Zachar\Desktop\programs I made\python programs\ax_walat_viewer_files\afrinzeyton_videos.db
2025-07-25 18:22:57,490 - INFO - Creating directories...
2025-07-25 18:22:57,495 - INFO - Creating directory structure...
2025-07-25 18:22:57,502 - INFO - Directory already exists: C:\Users\Zachar\Desktop\programs I made\python programs\auto_prompt\afrinzeyton_prompts
2025-07-25 18:22:57,508 - INFO - Directory already exists: C:\Users\Zachar\Desktop\programs I made\python programs\auto_prompt\afrinzeyton_prompts\afrinzeyton_audio
2025-07-25 18:22:57,515 - INFO - Directory already exists: C:\Users\Zachar\Desktop\programs I made\python programs\auto_prompt\afrinzeyton_prompts\afrinzeyton_prompt_txts
2025-07-25 18:22:57,521 - INFO - Directory already exists: C:\Users\Zachar\Desktop\programs I made\python programs\auto_prompt\afrinzeyton_prompts\afrinzeyton_transcript_outputs
2025-07-25 18:22:57,528 - INFO - Directory already exists: C:\Users\Zachar\Desktop\programs I made\python programs\auto_prompt\afrinzeyton_prompts\leftovers
2025-07-25 18:22:57,533 - INFO - Creating Google Drive folder...
2025-07-25 18:22:57,540 - INFO - Creating Google Drive folder...
2025-07-25 18:22:57,547 - INFO - Google Drive folder already exists: G:/My Drive\afrinzeyton_videos
2025-07-25 18:22:57,553 - INFO - Creating new program files...
2025-07-25 18:22:57,557 - INFO - Creating new Python files...
2025-07-25 18:22:57,562 - INFO - File already exists: C:\Users\Zachar\Desktop\programs I made\python programs\auto_prompt\make_afrinzeyton_transcription_prompt.py
2025-07-25 18:22:57,569 - INFO - File already exists: C:\Users\Zachar\Desktop\programs I made\python programs\auto_prompt\auto_night_combination\com_auto_prompt_afrinzeyton.py
2025-07-25 18:22:57,574 - INFO - File already exists: C:\Users\Zachar\Desktop\programs I made\python programs\auto_prompt\auto_prompt_summaries_afrinzeyton.py
2025-07-25 18:22:57,580 - INFO - Modifying existing files...
2025-07-25 18:22:57,587 - INFO - Modifying existing files...
2025-07-25 18:22:57,633 - INFO - Channel afrinzeyton already exists in C:\Users\Zachar\Desktop\programs I made\python programs\auto_prompt\auto_night_combination\com_new_vids.py
2025-07-25 18:22:57,704 - INFO - Channel afrinzeyton already exists in C:\Users\Zachar\Desktop\programs I made\python programs\auto_prompt\auto_night_combination\com_new_vid_discripts_trans.py
2025-07-25 18:22:57,791 - INFO - Created backup: C:\Users\Zachar\Desktop\programs I made\python programs\auto_prompt\auto_night_combination\auto_night_gui.py.backup_20250725_182257
2025-07-25 18:22:57,804 - INFO - Error: CHANNEL_OPTIONS not found in C:\Users\Zachar\Desktop\programs I made\python programs\auto_prompt\auto_night_combination\auto_night_gui.py
2025-07-25 18:22:58,258 - INFO - Created backup: C:\Users\Zachar\Desktop\programs I made\python programs\auto_prompt\auto_night_combination\telegram_messenger.py.backup_20250725_182258
2025-07-25 18:22:58,270 - INFO - Error: Could not find insertion point in C:\Users\Zachar\Desktop\programs I made\python programs\auto_prompt\auto_night_combination\telegram_messenger.py
2025-07-25 18:22:58,378 - INFO - Created backup: C:\Users\Zachar\Desktop\programs I made\python programs\auto_prompt\transcript_reviewer.py.backup_20250725_182258
2025-07-25 18:22:58,393 - INFO - Error: Could not find insertion point in C:\Users\Zachar\Desktop\programs I made\python programs\auto_prompt\transcript_reviewer.py
2025-07-25 18:22:58,497 - INFO - Created backup: C:\Users\Zachar\Desktop\programs I made\python programs\auto_prompt\summaries_reviewer.py.backup_20250725_182258
2025-07-25 18:22:58,507 - INFO - Error: Could not find insertion point in C:\Users\Zachar\Desktop\programs I made\python programs\auto_prompt\summaries_reviewer.py
2025-07-25 18:22:58,611 - INFO - Created backup: C:\Users\Zachar\Desktop\programs I made\python programs\ax_walat_viewer_V3.py.backup_20250725_182258
2025-07-25 18:22:58,631 - INFO - Error: Could not find insertion point in C:\Users\Zachar\Desktop\programs I made\python programs\ax_walat_viewer_V3.py
2025-07-25 18:22:58,658 - INFO - Performing final validation...
2025-07-25 18:22:58,788 - INFO - Integration validation: 5/5 checks passed
