2025-07-25 16:29:30,268 - INFO - Validating inputs...
2025-07-25 16:29:30,286 - INFO - Setting up database...
2025-07-25 16:29:30,291 - INFO - Creating database from YouTube channel...
2025-07-25 16:29:30,294 - INFO - Warning: all_youtube_videos.py not found, simulating YouTube extraction...
2025-07-25 16:29:30,327 - INFO - Warning: txt_to_db_gui.py not found, creating database directly...
2025-07-25 16:29:30,493 - INFO - Database afrinzeyton_videos.db created successfully
2025-07-25 16:29:30,524 - INFO - Creating directories...
2025-07-25 16:29:30,529 - INFO - Creating directory structure...
2025-07-25 16:29:30,595 - INFO - Created: auto_prompt\afrinzeyton_prompts
2025-07-25 16:29:30,608 - INFO - Created: auto_prompt\afrinzeyton_prompts\afrinzeyton_audio
2025-07-25 16:29:30,621 - INFO - Created: auto_prompt\afrinzeyton_prompts\afrinzeyton_prompt_txts
2025-07-25 16:29:30,634 - INFO - Created: auto_prompt\afrinzeyton_prompts\afrinzeyton_transcript_outputs
2025-07-25 16:29:30,647 - INFO - Created: auto_prompt\afrinzeyton_prompts\leftovers
2025-07-25 16:29:30,648 - INFO - Creating Google Drive folder...
2025-07-25 16:29:30,653 - INFO - Creating Google Drive folder...
2025-07-25 16:29:30,660 - INFO - Google Drive folder already exists: G:/My Drive\afrinzeyton_videos
2025-07-25 16:29:30,662 - INFO - Creating new program files...
2025-07-25 16:29:30,664 - INFO - Creating new Python files...
2025-07-25 16:29:30,691 - INFO - Created: auto_prompt/make_afrinzeyton_transcription_prompt.py
2025-07-25 16:29:30,734 - INFO - Created: auto_night_combination/com_auto_prompt_afrinzeyton.py
2025-07-25 16:29:30,760 - INFO - Created: auto_prompt/auto_prompt_summaries_afrinzeyton.py
2025-07-25 16:29:30,763 - INFO - Modifying existing files...
2025-07-25 16:29:30,767 - INFO - Modifying existing files...
2025-07-25 16:29:30,794 - INFO - Updated: auto_night_combination/com_new_vids.py
2025-07-25 16:29:30,817 - INFO - Updated: auto_night_combination/com_new_vid_discripts_trans.py
2025-07-25 16:29:30,820 - INFO - Warning: auto_night_combination/auto_night_gui.py not found, skipping modification
2025-07-25 16:29:30,824 - INFO - Warning: telegram_messenger.py not found, skipping modification
2025-07-25 16:29:30,826 - INFO - Warning: transcript_reviewer.py not found, skipping modification
2025-07-25 16:29:30,829 - INFO - Warning: summaries_reviewer.py not found, skipping modification
2025-07-25 16:29:30,835 - INFO - Warning: ax_walat_viewer_v3.py not found, skipping modification
2025-07-25 16:29:30,838 - INFO - Performing final validation...
2025-07-25 16:29:30,847 - INFO - Integration validation: 5/5 checks passed
